...
#5 [2/2] RUN apt-get update ;    [ -d  badFolder ] ;    apt-get install -y apache2 ;    rm -rf           /var/lib/apt/lists/-         /tmp/-         /var/tmp/-         /usr/share/doc/\*
#5 0.318 + apt-get update
#5 3.522 Get:1 http://archive.ubuntu.com/ubuntu focal InRelease [265 kB]
...
#5 5.310 Fetched 25.6 MB in 5s (5141 kB/s)
#5 5.310 Reading package lists...
#5 6.172 + '[' -d badFolder ']'
#5 ERROR: process "/bin/bash -o pipefail -o errexit -o xtrace -c apt-get update ;    [ -d  badFolder ] ;    apt-get install -y apache2 ;    rm -rf           /var/lib/apt/lists/\*
/tmp/-         /var/tmp/-         /usr/share/doc/\*" did not complete successfully: exit code: 1
------
 > [2/2] RUN apt-get update ;    [ -d  badFolder ] ;    apt-get install -y apache2 ;    rm -rf           /var/lib/apt/lists/-         /tmp/-         /var/tmp/-         /usr/share/doc/\*:
#5 4.228 Get:11 http://archive.ubuntu.com/ubuntu focal-updates/main amd64 Packages [3014 kB]
...
#5 6.172 + '[' -d badFolder ']'
------
Dockerfile1:4
--------------------
   3 |     SHELL ["/bin/bash", "-o", "pipefail", "-o", "errexit", "-o", "xtrace", "-c"]
   4 | >>> RUN apt-get update ;\
   5 | >>>     [ -d  badFolder ] ;\
   6 | >>>     apt-get install -y apache2 ;\
   7 | >>>     rm -rf \
   8 | >>>           /var/lib/apt/lists/\* \
   9 | >>>           /tmp/\* \
  10 | >>>           /var/tmp/\* \
  11 | >>>           /usr/share/doc/\*
  12 |
--------------------
ERROR: failed to solve: process "/bin/bash -o pipefail -o errexit -o xtrace -c apt-get update ;    [ -d  badFolder ] ;    apt-get install -y apache2 ;    rm -rf           /var/lib/apt/lists/-         /tmp/-         /var/tmp/-         /usr/share/doc/\*" did not complete successfully: exit code: 1
